'3-say_my_name.py' test file 

Using 'say_my_name'  function
The function should print "My name is <first name> <last name>".

test cases for function
import function:

    >>> __import__('3-say_my_name').say_my_name

How to test it:


Test_1 : first argument must be a string

    >>> say_my_name(23, "Muturi")
    Traceback (most recent call last):
    TypeError: first_name must be a string

Test_2: last argument must be a string

    >>> say_my_name("Derrick", 3)
    Traceback (most recent call last):
    TypeError: last_name must be a string


Test_3 : first argument can't be None

    >>> say_my_name(None, "Muturi")
    Traceback (most recent call last):
    TypeError: first_name must be a string

Test_4 : if last argument is empty pritn nothing

    >>> say_my_name("Derrick")
    My name is Derrick

Test_5: empty parameters

    >>> say_my_name()
    Traceback (most recent call last):
    TypeError: say_my_name() missing 1 required positional argument: 'first_name

Test_6: correct arguments

    >>>
    say_my_name("Derrick", "Muturi")
    My name is Derrick Muturi
